\BOOKMARK [0][-]{chapter*.1}{\376\377\000S\000u\000m\000m\000a\000r\000y}{}% 1
\BOOKMARK [0][-]{chapter.1}{\376\377\000I\000n\000t\000r\000o\000d\000u\000c\000c\000i\000\363\000n\000:\000\040\000e\000l\000\040\000r\000i\000e\000s\000g\000o\000\040\000e\000n\000\040\000l\000a\000s\000\040\000i\000n\000v\000e\000r\000s\000i\000o\000n\000e\000s}{}% 2
\BOOKMARK [1][-]{section.1.1}{\376\377\000M\000e\000d\000i\000d\000a\000s\000\040\000d\000e\000\040\000r\000i\000e\000s\000g\000o\000\040\000y\000\040\000s\000u\000s\000\040\000c\000a\000r\000a\000c\000t\000e\000r\000\355\000s\000t\000i\000c\000a\000s}{chapter.1}% 3
\BOOKMARK [1][-]{section.1.2}{\376\377\000V\000a\000l\000o\000r\000\040\000a\000\040\000R\000i\000e\000s\000g\000o\000\040\000\050\000V\000a\000R\000\051}{chapter.1}% 4
\BOOKMARK [2][-]{subsection.1.2.1}{\376\377\000V\000e\000n\000t\000a\000j\000a\000s\000\040\000y\000\040\000d\000e\000s\000v\000e\000n\000t\000a\000j\000a\000s\000\040\000d\000e\000l\000\040\000V\000a\000R}{section.1.2}% 5
\BOOKMARK [1][-]{section.1.3}{\376\377\000E\000x\000p\000e\000c\000t\000e\000d\000\040\000S\000h\000o\000r\000t\000f\000a\000l\000l\000\040\000\050\000E\000S\000\051\000\040\000o\000\040\000V\000a\000l\000o\000r\000\040\000a\000\040\000R\000i\000e\000s\000g\000o\000\040\000C\000o\000n\000d\000i\000c\000i\000o\000n\000a\000l\000\040\000\050\000C\000V\000a\000R\000\051}{chapter.1}% 6
\BOOKMARK [2][-]{subsection.1.3.1}{\376\377\000V\000e\000n\000t\000a\000j\000a\000s\000\040\000y\000\040\000d\000e\000s\000v\000e\000n\000t\000a\000j\000a\000s\000\040\000d\000e\000l\000\040\000E\000S}{section.1.3}% 7
\BOOKMARK [1][-]{section.1.4}{\376\377\000I\000n\000t\000e\000r\000\351\000s\000\040\000d\000e\000\040\000l\000a\000s\000\040\000m\000e\000d\000i\000d\000a\000s\000\040\000d\000e\000\040\000r\000i\000e\000s\000g\000o}{chapter.1}% 8
\BOOKMARK [2][-]{subsection.1.4.1}{\376\377\000V\000a\000R\000\040\000y\000\040\000E\000S\000\040\000o\000r\000i\000e\000n\000t\000a\000d\000o\000s\000\040\000a\000\040\000c\000a\000r\000t\000e\000r\000a\000s\000\040\000d\000e\000\040\000v\000a\000l\000o\000r\000e\000s}{section.1.4}% 9
\BOOKMARK [2][-]{subsection.1.4.2}{\376\377\000V\000a\000R\000\040\000y\000\040\000E\000S\000\040\000o\000r\000i\000e\000n\000t\000a\000d\000o\000s\000\040\000a\000\040\000i\000n\000v\000e\000r\000s\000i\000o\000n\000e\000s\000\040\000i\000n\000m\000o\000b\000i\000l\000i\000a\000r\000i\000a\000s}{section.1.4}% 10
\BOOKMARK [2][-]{subsection.1.4.3}{\376\377\000V\000a\000R\000\040\000y\000\040\000E\000S\000\040\000o\000r\000i\000e\000n\000t\000a\000d\000o\000s\000\040\000a\000\040\000c\000o\000r\000p\000o\000r\000a\000c\000i\000o\000n\000e\000s}{section.1.4}% 11
\BOOKMARK [2][-]{subsection.1.4.4}{\376\377\000V\000a\000R\000\040\000y\000\040\000E\000S\000\040\000o\000r\000i\000e\000n\000t\000a\000d\000o\000s\000\040\000a\000\040\000p\000r\000e\000d\000i\000c\000c\000i\000o\000n\000e\000s\000\040\000d\000e\000\040\000i\000m\000p\000a\000g\000o\000\040\000e\000n\000\040\000c\000r\000\351\000d\000i\000t\000o\000s}{section.1.4}% 12
\BOOKMARK [0][-]{chapter.2}{\376\377\000M\000o\000d\000e\000l\000o\000s\000\040\000d\000e\000\040\000r\000i\000e\000s\000g\000o}{}% 13
\BOOKMARK [1][-]{section.2.1}{\376\377\000M\000o\000d\000e\000l\000o\000s\000\040\000t\000r\000a\000d\000i\000c\000i\000o\000n\000a\000l\000e\000s}{chapter.2}% 14
\BOOKMARK [2][-]{subsection.2.1.1}{\376\377\000R\000e\000g\000r\000e\000s\000i\000\363\000n\000\040\000c\000u\000a\000n\000t\000i\000l}{section.2.1}% 15
\BOOKMARK [2][-]{subsection.2.1.2}{\376\377\000R\000e\000g\000r\000e\000s\000i\000\363\000n\000\040\000e\000x\000p\000e\000c\000t\000i\000l}{section.2.1}% 16
\BOOKMARK [1][-]{section.2.2}{\376\377\000M\000o\000d\000e\000l\000o\000s\000\040\000b\000a\000s\000a\000d\000o\000s\000\040\000e\000n\000\040\000M\000a\000c\000h\000i\000n\000e\000\040\000L\000e\000a\000r\000n\000i\000n\000g}{chapter.2}% 17
\BOOKMARK [2][-]{subsection.2.2.1}{\376\377\000R\000e\000d\000e\000s\000\040\000N\000e\000u\000r\000o\000n\000a\000l\000e\000s}{section.2.2}% 18
\BOOKMARK [2][-]{subsection.2.2.2}{\376\377\000A\000l\000g\000o\000r\000i\000t\000m\000o\000s\000\040\000d\000e\000\040\000B\000o\000o\000s\000t\000i\000n\000g}{section.2.2}% 19
\BOOKMARK [0][-]{chapter.3}{\376\377\000A\000p\000l\000i\000c\000a\000c\000i\000o\000n\000e\000s\000\040\000d\000e\000\040\000m\000o\000d\000e\000l\000o\000s\000\040\000a\000\040\000i\000n\000v\000e\000r\000s\000i\000o\000n\000e\000s\000\040\000i\000n\000m\000o\000b\000i\000l\000i\000a\000r\000i\000a\000s}{}% 20
\BOOKMARK [1][-]{section.3.1}{\376\377\000C\000a\000s\000o\000\040\000d\000e\000\040\000u\000s\000o\000\040\000r\000e\000a\000l}{chapter.3}% 21
\BOOKMARK [0][-]{section*.3}{\376\377\000B\000i\000b\000l\000i\000o\000g\000r\000a\000f\000\355\000a}{}% 22
\BOOKMARK [0][-]{appendix*.5}{\376\377\000A\000p\000\351\000n\000d\000i\000c\000e\000\040\0001\000:\000\040\000\301\000r\000b\000o\000l\000e\000s\000\040\000d\000e\000\040\000r\000e\000g\000r\000e\000s\000i\000\363\000n\000\040}{}% 23
\BOOKMARK [1][-]{section.Alph1.1}{\376\377\000V\000e\000n\000t\000a\000j\000a\000s\000\040\000y\000\040\000d\000e\000s\000v\000e\000n\000t\000a\000j\000a\000s\000\040\000d\000e\000\040\000l\000o\000s\000\040\000\341\000r\000b\000o\000l\000e\000s\000\040\000d\000e\000\040\000r\000e\000g\000r\000e\000s\000i\000\363\000n}{appendix*.5}% 24
\BOOKMARK [0][-]{appendix*.8}{\376\377\000A\000p\000\351\000n\000d\000i\000c\000e\000\040\0002\000:\000\040\000D\000e\000t\000a\000l\000l\000e\000s\000\040\000d\000e\000\040\000l\000o\000s\000\040\000a\000l\000g\000o\000r\000i\000t\000m\000o\000s\000\040\000d\000e\000\040\000o\000p\000t\000i\000m\000i\000z\000a\000c\000i\000\363\000n\000\040\000d\000e\000\040\000l\000o\000s\000\040\000m\000o\000d\000e\000l\000o\000s}{}% 25
\BOOKMARK [1][-]{section.Alph2.1}{\376\377\000R\000e\000e\000s\000c\000a\000l\000a\000d\000o\000\040\000y\000\040\000n\000o\000r\000m\000a\000l\000i\000z\000a\000c\000i\000\363\000n\000\040\000d\000e\000\040\000l\000o\000s\000\040\000d\000a\000t\000o\000s}{appendix*.8}% 26
\BOOKMARK [1][-]{section.Alph2.2}{\376\377\000T\000\351\000c\000n\000i\000c\000a\000s\000\040\000d\000e\000\040\000r\000e\000g\000u\000l\000a\000r\000i\000z\000a\000c\000i\000\363\000n}{appendix*.8}% 27
\BOOKMARK [1][-]{section.Alph2.3}{\376\377\000B\000\372\000s\000q\000u\000e\000d\000a\000\040\000d\000e\000\040\000h\000i\000p\000e\000r\000p\000a\000r\000\341\000m\000e\000t\000r\000o\000s\000:\000\040\000l\000a\000\040\000B\000\372\000s\000q\000u\000e\000d\000a\000\040\000B\000a\000y\000e\000s\000i\000a\000n\000a}{appendix*.8}% 28
\BOOKMARK [0][-]{appendix*.9}{\376\377\000A\000p\000\351\000n\000d\000i\000c\000e\000\040\0003\000:\000\040\000C\000\363\000d\000i\000g\000o\000\040\000u\000t\000i\000l\000i\000z\000a\000d\000o\000\040\000e\000n\000\040\000P\000y\000t\000h\000o\000n\000\040\000y\000\040\000R}{}% 29
\BOOKMARK [1][-]{section.Alph3.1}{\376\377\000I\000m\000p\000l\000e\000m\000e\000n\000t\000a\000c\000i\000\363\000n\000\040\000d\000e\000\040\000m\000o\000d\000e\000l\000o\000s\000\040\000e\000n\000\040\000P\000y\000t\000h\000o\000n}{appendix*.9}% 30
\BOOKMARK [1][-]{section.Alph3.2}{\376\377\000L\000i\000m\000p\000i\000e\000z\000a\000\040\000d\000e\000\040\000d\000a\000t\000o\000s\000\040\000e\000n\000\040\000R}{appendix*.9}% 31
